[92m2022-08-28 17:38:11 I/main: Starting mirai-console...[0m[m
[92m2022-08-28 17:38:11 I/main: Backend: version 2.12.2, built on 2022-08-16 12:12:45.[0m[m
[92m2022-08-28 17:38:11 I/main: Frontend Terminal: version 2.12.2, provided by Mamoe Technologies[0m[m
[92m2022-08-28 17:38:11 I/main: Welcome to visit https://mirai.mamoe.net/[0m[m
[91m2022-08-28 17:38:11 W/stderr: SLF4J: Failed to load class "org.slf4j.impl.StaticLoggerBinder".[0m[m
[91m2022-08-28 17:38:11 W/stderr: SLF4J: Defaulting to no-operation (NOP) logger implementation[0m[m
[91m2022-08-28 17:38:11 W/stderr: SLF4J: See http://www.slf4j.org/codes.html#StaticLoggerBinder for further details.[0m[m
[92m2022-08-28 17:38:11 I/plugin: Successfully loaded plugin StarRiver v0.1.0[0m[m
[92m2022-08-28 17:38:12 I/main: Prepared built-in commands: autoLogin, help, login, logout, permission, status, stop[0m[m
[92m2022-08-28 17:38:12 I/StarRiver: Plugin loaded![0m[m
[92m2022-08-28 17:38:12 I/main: 1 plugin(s) enabled.[0m[m
[92m2022-08-28 17:38:12 I/main: mirai-console started successfully.[0m[m
[92m2022-08-28 17:38:27 I/WindowHelperJvm: Mirai æ­£åœ¨ä½¿ç”¨æ¡Œé¢ç¯å¢ƒ. å¦‚é‡åˆ°éªŒè¯ç å°†ä¼šå¼¹å‡ºå¯¹è¯æ¡†. å¯æ·»åŠ  JVM å±æ€§ `mirai.no-desktop` ä»¥å…³é—­.[0m[m
[92m2022-08-28 17:38:27 I/WindowHelperJvm: Mirai is using desktop. Captcha will be thrown by window popup. You can add `mirai.no-desktop` to JVM properties (-Dmirai.no-desktop) to disable it.[0m[m
[91m2022-08-28 17:38:27 W/stderr: ERROR StatusLogger Log4j2 could not find a logging implementation. Please add log4j-core to the classpath. Using SimpleLogger to log to the console...[0m[m
[92m2022-08-28 17:38:28 I/Bot.2334186011: Loaded account secrets from local cache.[0m[m
[92m2022-08-28 17:38:28 I/Bot.2334186011: Saved account secrets to local cache for fast login.[0m[m
[92m2022-08-28 17:38:29 I/Bot.2334186011: Login successful.[0m[m
[0m2022-08-28 17:38:30 V/Bot.2334186011: Event: BotOnlineEvent(bot=Bot(2334186011))[0m[m
[92m2022-08-28 17:38:30 I/Bot.2334186011: Bot login successful.[0m[m
[0m2022-08-28 17:38:49 V/Bot.2334186011: [ç„æ­¦å¤§é™†ï¼ˆæ¸¸æˆäº¤æµç¾¤ï¼‰(1004589419)] Hacked by WindStream#1337(1514037660) -> äºŒç»´ç 6[0m[m
[0m2022-08-28 17:38:50 V/Bot.2334186011: Group(1004589419) <- [mirai:at:1514037660]StarRiver:æ“ä½œæœ‰è¯¯ï¼Œè¯·æ£€æŸ¥å‘½ä»¤æ ¼å¼.[0m[m
[0m2022-08-28 17:38:55 V/Bot.2334186011: [ç„æ­¦å¤§é™†ï¼ˆæ¸¸æˆäº¤æµç¾¤ï¼‰(1004589419)] Hacked by WindStream#1337(1514037660) -> é¢[0m[m
[31m2022-08-28 17:38:55 E/Bot.2334186011: java.lang.IllegalStateException: Exception while broadcasting event 'GroupMessageEvent'
java.lang.IllegalStateException: Exception while broadcasting event 'GroupMessageEvent'
	at net.mamoe.mirai.internal.network.components.EventDispatcherImpl.broadcast$suspendImpl(EventDispatcher.kt:103)
	at net.mamoe.mirai.internal.network.components.EventDispatcherImpl$broadcast$1.invokeSuspend(EventDispatcher.kt)
	at kotlin.coroutines.jvm.internal.BaseContinuationImpl.resumeWith(ContinuationImpl.kt:33)
	at kotlinx.coroutines.UndispatchedCoroutine.afterResume(CoroutineContext.kt:202)
	at kotlinx.coroutines.AbstractCoroutine.resumeWith(AbstractCoroutine.kt:102)
	at kotlin.coroutines.jvm.internal.BaseContinuationImpl.resumeWith(ContinuationImpl.kt:46)
	at kotlinx.coroutines.DispatchedTask.run(DispatchedTask.kt:104)
	at kotlinx.coroutines.scheduling.CoroutineScheduler.runSafely(CoroutineScheduler.kt:570)
	at kotlinx.coroutines.scheduling.CoroutineScheduler$Worker.executeTask(CoroutineScheduler.kt:749)
	at kotlinx.coroutines.scheduling.CoroutineScheduler$Worker.runWorker(CoroutineScheduler.kt:677)
	at kotlinx.coroutines.scheduling.CoroutineScheduler$Worker.run(CoroutineScheduler.kt:664)
Caused by: java.lang.IllegalStateException: æœªæ‰¾åˆ°å¼‚å¸¸å¤„ç†å™¨. è¯·ç»§æ‰¿ SimpleListenerHost ä¸­çš„ handleException æ–¹æ³•, æˆ–åœ¨æ„é€  SimpleListenerHost æ—¶æä¾› CoroutineExceptionHandler
------------
Cannot find exception handler from coroutineContext. 
Please extend SimpleListenerHost.handleException or provide a CoroutineExceptionHandler to the constructor of SimpleListenerHost
	at net.mamoe.mirai.event.SimpleListenerHost.handleException(JvmMethodListeners.kt:192)
	at net.mamoe.mirai.event.SimpleListenerHost$special$$inlined$CoroutineExceptionHandler$1.handleException(CoroutineExceptionHandler.kt:111)
	at net.mamoe.mirai.internal.event.SafeListener.onEvent(SafeListener.kt:75)
	at net.mamoe.mirai.internal.event.SafeListener$onEvent$1.invokeSuspend(SafeListener.kt)
	... 9 more
Caused by: net.mamoe.mirai.event.ExceptionInEventHandlerException: Exception in EventHandler
	at net.mamoe.mirai.internal.event.JvmMethodListenersInternalKt.registerEventHandler$callMethod$invokeWithErrorReport(JvmMethodListenersInternal.kt:147)
	at net.mamoe.mirai.internal.event.JvmMethodListenersInternalKt.access$registerEventHandler$callMethod$invokeWithErrorReport(JvmMethodListenersInternal.kt:1)
	at net.mamoe.mirai.internal.event.JvmMethodListenersInternalKt$registerEventHandler$callMethod$2.invokeSuspend(JvmMethodListenersInternal.kt:154)
	at kotlin.coroutines.jvm.internal.BaseContinuationImpl.resumeWith(ContinuationImpl.kt:33)
	at kotlinx.coroutines.DispatchedTask.run(DispatchedTask.kt:106)
	at kotlinx.coroutines.internal.LimitedDispatcher.run(LimitedDispatcher.kt:42)
	at kotlinx.coroutines.scheduling.TaskImpl.run(Tasks.kt:95)
	... 4 more
Caused by: java.lang.reflect.InvocationTargetException
	at sun.reflect.NativeMethodAccessorImpl.invoke0(Native Method)
	at sun.reflect.NativeMethodAccessorImpl.invoke(NativeMethodAccessorImpl.java:62)
	at sun.reflect.DelegatingMethodAccessorImpl.invoke(DelegatingMethodAccessorImpl.java:43)
	at java.lang.reflect.Method.invoke(Method.java:498)
	at net.mamoe.mirai.internal.event.JvmMethodListenersInternalKt.registerEventHandler$callMethod$invokeWithErrorReport(JvmMethodListenersInternal.kt:140)
	... 10 more
Caused by: java.lang.StringIndexOutOfBoundsException: String index out of range: 3
	at java.lang.String.substring(String.java:1963)
	at net.newstarriver.ModuleManager.onEvent(ModuleManager.java:83)
	... 15 more
[0m[m
[0m2022-08-28 17:39:15 V/Bot.2334186011: [ç„æ­¦å¤§é™†ï¼ˆæ¸¸æˆäº¤æµç¾¤ï¼‰(1004589419)] è¯¥ç¾¤å·²è¢«ç¾¤ä¸»è§£æ•£                                    (2781005288) -> äºŒç»´ç  6[0m[m
[0m2022-08-28 17:39:16 V/Bot.2334186011: Group(1004589419) <- [mirai:image:{6889B737-C585-B121-29DA-2A6D0DDBF9CD}.png, width=128, height=128, size=312, type=PNG, isEmoji=false][0m[m
[0m2022-08-28 17:39:26 V/Bot.2334186011: [ç„æ­¦å¤§é™†ï¼ˆæ¸¸æˆäº¤æµç¾¤ï¼‰(1004589419)] ãŠã‚„ã™ã¿(3445027052) -> è¿™æ˜¯å•¥å•Šï¼Ÿ[0m[m
[0m2022-08-28 17:39:31 V/Bot.2334186011: [ç„æ­¦å¤§é™†ï¼ˆæ¸¸æˆäº¤æµç¾¤ï¼‰(1004589419)] Hacked by WindStream#1337(1514037660) -> æ¸…å±6[0m[m
[0m2022-08-28 17:39:31 V/Bot.2334186011: Group(1004589419) <- [mirai:at:1514037660]StarRiver:æ“ä½œæœ‰è¯¯ï¼Œè¯·æ£€æŸ¥å‘½ä»¤æ ¼å¼.[0m[m
[0m2022-08-28 17:39:34 V/Bot.2334186011: [ç„æ­¦å¤§é™†ï¼ˆæ¸¸æˆäº¤æµç¾¤ï¼‰(1004589419)] è¯¥ç¾¤å·²è¢«ç¾¤ä¸»è§£æ•£                                    (2781005288) -> æœºå™¨äºº[0m[m
[0m2022-08-28 17:39:39 V/Bot.2334186011: [ç„æ­¦å¤§é™†ï¼ˆæ¸¸æˆäº¤æµç¾¤ï¼‰(1004589419)] Hacked by WindStream#1337(1514037660) -> æ¸…å± 6[0m[m
[0m2022-08-28 17:39:40 V/Bot.2334186011: Group(1004589419) <- \n\n\n\n\n\n[0m[m
[0m2022-08-28 17:39:42 V/Bot.2334186011: [ç„æ­¦å¤§é™†ï¼ˆæ¸¸æˆäº¤æµç¾¤ï¼‰(1004589419)] è¯¥ç¾¤å·²è¢«ç¾¤ä¸»è§£æ•£                                    (2781005288) -> æ¸…å± 2[0m[m
[0m2022-08-28 17:39:43 V/Bot.2334186011: Group(1004589419) <- [mirai:at:2781005288]æ‚¨æ— æƒæ“ä½œ[0m[m
[0m2022-08-28 17:40:03 V/Bot.2334186011: [ç„æ­¦å¤§é™†ï¼ˆæ¸¸æˆäº¤æµç¾¤ï¼‰(1004589419)] Hacked by WindStream#1337(1514037660) -> è¿™ä¸ªatçš„æ–‡æ¡£å±å®æ²¡çœ‹æ‡‚[0m[m
[91m2022-08-28 17:40:08 W/console: Closing input service...[0m[m
