[92m2022-08-28 17:50:19 I/main: Starting mirai-console...[0m[m
[92m2022-08-28 17:50:19 I/main: Backend: version 2.12.2, built on 2022-08-16 12:12:45.[0m[m
[92m2022-08-28 17:50:19 I/main: Frontend Terminal: version 2.12.2, provided by Mamoe Technologies[0m[m
[92m2022-08-28 17:50:19 I/main: Welcome to visit https://mirai.mamoe.net/[0m[m
[91m2022-08-28 17:50:19 W/stderr: SLF4J: Failed to load class "org.slf4j.impl.StaticLoggerBinder".[0m[m
[91m2022-08-28 17:50:19 W/stderr: SLF4J: Defaulting to no-operation (NOP) logger implementation[0m[m
[91m2022-08-28 17:50:19 W/stderr: SLF4J: See http://www.slf4j.org/codes.html#StaticLoggerBinder for further details.[0m[m
[92m2022-08-28 17:50:20 I/plugin: Successfully loaded plugin StarRiver v0.1.0[0m[m
[92m2022-08-28 17:50:20 I/main: Prepared built-in commands: autoLogin, help, login, logout, permission, status, stop[0m[m
[92m2022-08-28 17:50:20 I/StarRiver: Plugin loaded![0m[m
[92m2022-08-28 17:50:20 I/main: 1 plugin(s) enabled.[0m[m
[92m2022-08-28 17:50:20 I/main: mirai-console started successfully.[0m[m
[92m2022-08-28 17:50:31 I/WindowHelperJvm: Mirai 正在使用桌面环境. 如遇到验证码将会弹出对话框. 可添加 JVM 属性 `mirai.no-desktop` 以关闭.[0m[m
[92m2022-08-28 17:50:31 I/WindowHelperJvm: Mirai is using desktop. Captcha will be thrown by window popup. You can add `mirai.no-desktop` to JVM properties (-Dmirai.no-desktop) to disable it.[0m[m
[91m2022-08-28 17:50:31 W/stderr: ERROR StatusLogger Log4j2 could not find a logging implementation. Please add log4j-core to the classpath. Using SimpleLogger to log to the console...[0m[m
[92m2022-08-28 17:50:33 I/Bot.2334186011: Loaded account secrets from local cache.[0m[m
[92m2022-08-28 17:50:34 I/Bot.2334186011: Saved account secrets to local cache for fast login.[0m[m
[92m2022-08-28 17:50:34 I/Bot.2334186011: Login successful.[0m[m
[0m2022-08-28 17:50:35 V/Bot.2334186011: Event: BotOnlineEvent(bot=Bot(2334186011))[0m[m
[92m2022-08-28 17:50:35 I/Bot.2334186011: Bot login successful.[0m[m
[0m2022-08-28 17:51:10 V/Bot.2334186011: [玄武大陆（游戏交流群）(1004589419)] Hacked by WindStream#1337(1514037660) -> 二维码6[0m[m
[0m2022-08-28 17:51:10 V/Bot.2334186011: Group(1004589419) <- [mirai:quote:[mirai:source:ids=[12984], internalIds=[1073323242], from group 1514037660 to 1004589419 at 1661680322], content=二维码6]StarRiver:操作有误，请检查命令格式.[0m[m
[0m2022-08-28 17:51:14 V/Bot.2334186011: [玄武大陆（游戏交流群）(1004589419)] Hacked by WindStream#1337(1514037660) -> 666[0m[m
[0m2022-08-28 17:51:17 V/Bot.2334186011: [玄武大陆（游戏交流群）(1004589419)] Hacked by WindStream#1337(1514037660) -> ok了[0m[m
[0m2022-08-28 17:51:27 V/Bot.2334186011: [玄武大陆（游戏交流群）(1004589419)] Hacked by WindStream#1337(1514037660) -> 用了消息链[0m[m
