[92m2022-08-28 16:56:34 I/main: Starting mirai-console...[0m[m
[92m2022-08-28 16:56:34 I/main: Backend: version 2.12.2, built on 2022-08-16 12:12:45.[0m[m
[92m2022-08-28 16:56:34 I/main: Frontend Terminal: version 2.12.2, provided by Mamoe Technologies[0m[m
[92m2022-08-28 16:56:34 I/main: Welcome to visit https://mirai.mamoe.net/[0m[m
[91m2022-08-28 16:56:35 W/stderr: SLF4J: Failed to load class "org.slf4j.impl.StaticLoggerBinder".[0m[m
[91m2022-08-28 16:56:35 W/stderr: SLF4J: Defaulting to no-operation (NOP) logger implementation[0m[m
[91m2022-08-28 16:56:35 W/stderr: SLF4J: See http://www.slf4j.org/codes.html#StaticLoggerBinder for further details.[0m[m
[92m2022-08-28 16:56:35 I/plugin: Successfully loaded plugin StarRiver v0.1.0[0m[m
[92m2022-08-28 16:56:35 I/main: Prepared built-in commands: autoLogin, help, login, logout, permission, status, stop[0m[m
[92m2022-08-28 16:56:35 I/StarRiver: Plugin loaded![0m[m
[92m2022-08-28 16:56:35 I/main: 1 plugin(s) enabled.[0m[m
[92m2022-08-28 16:56:35 I/main: mirai-console started successfully.[0m[m
[92m2022-08-28 16:56:51 I/WindowHelperJvm: Mirai 正在使用桌面环境. 如遇到验证码将会弹出对话框. 可添加 JVM 属性 `mirai.no-desktop` 以关闭.[0m[m
[92m2022-08-28 16:56:51 I/WindowHelperJvm: Mirai is using desktop. Captcha will be thrown by window popup. You can add `mirai.no-desktop` to JVM properties (-Dmirai.no-desktop) to disable it.[0m[m
[91m2022-08-28 16:56:51 W/stderr: ERROR StatusLogger Log4j2 could not find a logging implementation. Please add log4j-core to the classpath. Using SimpleLogger to log to the console...[0m[m
[92m2022-08-28 16:56:52 I/Bot.2334186011: Loaded account secrets from local cache.[0m[m
[92m2022-08-28 16:56:53 I/Bot.2334186011: Saved account secrets to local cache for fast login.[0m[m
[92m2022-08-28 16:56:53 I/Bot.2334186011: Login successful.[0m[m
[0m2022-08-28 16:56:54 V/Bot.2334186011: Event: BotOnlineEvent(bot=Bot(2334186011))[0m[m
[92m2022-08-28 16:56:54 I/Bot.2334186011: Bot login successful.[0m[m
[0m2022-08-28 16:57:24 V/Bot.2334186011: [玄武大陆（游戏交流群）(1004589419)] Hacked by WindStream#1337(1514037660) -> 菜单[0m[m
[31m2022-08-28 16:57:24 E/Bot.2334186011: java.lang.IllegalStateException: Exception while broadcasting event 'GroupMessageEvent'
java.lang.IllegalStateException: Exception while broadcasting event 'GroupMessageEvent'
	at net.mamoe.mirai.internal.network.components.EventDispatcherImpl.broadcast$suspendImpl(EventDispatcher.kt:103)
	at net.mamoe.mirai.internal.network.components.EventDispatcherImpl$broadcast$1.invokeSuspend(EventDispatcher.kt)
	at kotlin.coroutines.jvm.internal.BaseContinuationImpl.resumeWith(ContinuationImpl.kt:33)
	at kotlinx.coroutines.UndispatchedCoroutine.afterResume(CoroutineContext.kt:202)
	at kotlinx.coroutines.AbstractCoroutine.resumeWith(AbstractCoroutine.kt:102)
	at kotlin.coroutines.jvm.internal.BaseContinuationImpl.resumeWith(ContinuationImpl.kt:46)
	at kotlinx.coroutines.DispatchedTask.run(DispatchedTask.kt:104)
	at kotlinx.coroutines.scheduling.CoroutineScheduler.runSafely(CoroutineScheduler.kt:570)
	at kotlinx.coroutines.scheduling.CoroutineScheduler$Worker.executeTask(CoroutineScheduler.kt:749)
	at kotlinx.coroutines.scheduling.CoroutineScheduler$Worker.runWorker(CoroutineScheduler.kt:677)
	at kotlinx.coroutines.scheduling.CoroutineScheduler$Worker.run(CoroutineScheduler.kt:664)
Caused by: java.lang.IllegalStateException: 未找到异常处理器. 请继承 SimpleListenerHost 中的 handleException 方法, 或在构造 SimpleListenerHost 时提供 CoroutineExceptionHandler
------------
Cannot find exception handler from coroutineContext. 
Please extend SimpleListenerHost.handleException or provide a CoroutineExceptionHandler to the constructor of SimpleListenerHost
	at net.mamoe.mirai.event.SimpleListenerHost.handleException(JvmMethodListeners.kt:192)
	at net.mamoe.mirai.event.SimpleListenerHost$special$$inlined$CoroutineExceptionHandler$1.handleException(CoroutineExceptionHandler.kt:111)
	at net.mamoe.mirai.internal.event.SafeListener.onEvent(SafeListener.kt:75)
	at net.mamoe.mirai.internal.event.SafeListener$onEvent$1.invokeSuspend(SafeListener.kt)
	... 9 more
Caused by: net.mamoe.mirai.event.ExceptionInEventHandlerException: Exception in EventHandler
	at net.mamoe.mirai.internal.event.JvmMethodListenersInternalKt.registerEventHandler$callMethod$invokeWithErrorReport(JvmMethodListenersInternal.kt:147)
	at net.mamoe.mirai.internal.event.JvmMethodListenersInternalKt.access$registerEventHandler$callMethod$invokeWithErrorReport(JvmMethodListenersInternal.kt:1)
	at net.mamoe.mirai.internal.event.JvmMethodListenersInternalKt$registerEventHandler$callMethod$2.invokeSuspend(JvmMethodListenersInternal.kt:154)
	at kotlin.coroutines.jvm.internal.BaseContinuationImpl.resumeWith(ContinuationImpl.kt:33)
	at kotlinx.coroutines.DispatchedTask.run(DispatchedTask.kt:106)
	at kotlinx.coroutines.internal.LimitedDispatcher.run(LimitedDispatcher.kt:42)
	at kotlinx.coroutines.scheduling.TaskImpl.run(Tasks.kt:95)
	... 4 more
Caused by: java.lang.reflect.InvocationTargetException
	at sun.reflect.NativeMethodAccessorImpl.invoke0(Native Method)
	at sun.reflect.NativeMethodAccessorImpl.invoke(NativeMethodAccessorImpl.java:62)
	at sun.reflect.DelegatingMethodAccessorImpl.invoke(DelegatingMethodAccessorImpl.java:43)
	at java.lang.reflect.Method.invoke(Method.java:498)
	at net.mamoe.mirai.internal.event.JvmMethodListenersInternalKt.registerEventHandler$callMethod$invokeWithErrorReport(JvmMethodListenersInternal.kt:140)
	... 10 more
Caused by: java.lang.StringIndexOutOfBoundsException: String index out of range: 3
	at java.lang.String.substring(String.java:1963)
	at net.newstarriver.ModuleManager.onEvent(ModuleManager.java:17)
	... 15 more
[0m[m
